[2015.09.11-15.56.41:907][  0]Log file open, 09/11/15 17:56:41
[2015.09.11-15.56.41:907][  0]LogInit:Display: Running engine for game: gamejam_2015_09
[2015.09.11-15.56.41:907][  0]LogInit:Display: RandInit(1199797609) SRandInit(1199797609).
[2015.09.11-15.56.41:907][  0]LogTaskGraph: Started task graph with 4 named threads and 5 total threads.
[2015.09.11-15.56.41:907][  0]LogStats: Stats thread started at 0.066686
[2015.09.11-15.56.41:907][  0]LogInit: Version: 4.9.0-2672455+++depot+UE4-Releases+4.9
[2015.09.11-15.56.41:907][  0]LogInit: API Version: 2672455
[2015.09.11-15.56.41:907][  0]LogInit: Compiled (64-bit): Aug 28 2015 12:33:01
[2015.09.11-15.56.41:907][  0]LogInit: Compiled with Visual C++: 18.00.21005.01
[2015.09.11-15.56.41:907][  0]LogInit: Build Configuration: Development
[2015.09.11-15.56.41:907][  0]LogInit: Branch Name: ++depot+UE4-Releases+4.9
[2015.09.11-15.56.41:907][  0]LogInit: Command line:  
[2015.09.11-15.56.41:907][  0]LogInit: Base directory: C:/Program Files/Epic Games/4.9/Engine/Binaries/Win64/
[2015.09.11-15.56.41:907][  0]LogInit: Rocket: 1
[2015.09.11-15.56.41:924][  0]LogInit: Using libcurl 7.41.0
[2015.09.11-15.56.41:924][  0]LogInit:  - built for x86_64-pc-win32
[2015.09.11-15.56.41:924][  0]LogInit:  - supports SSL with WinSSL
[2015.09.11-15.56.41:924][  0]LogInit:  - other features:
[2015.09.11-15.56.41:924][  0]LogInit:      CURL_VERSION_SSL
[2015.09.11-15.56.41:924][  0]LogInit:      CURL_VERSION_IPV6
[2015.09.11-15.56.41:924][  0]LogInit:      CURL_VERSION_ASYNCHDNS
[2015.09.11-15.56.41:924][  0]LogInit:      CURL_VERSION_LARGEFILE
[2015.09.11-15.56.41:924][  0]LogInit:      CURL_VERSION_IDN
[2015.09.11-15.56.41:924][  0]LogInit:  CurlRequestOptions (configurable via config and command line):
[2015.09.11-15.56.41:924][  0]LogInit:  - bVerifyPeer = true  - Libcurl will verify peer certificate
[2015.09.11-15.56.41:924][  0]LogInit:  - bUseHttpProxy = false  - Libcurl will NOT use HTTP proxy
[2015.09.11-15.56.41:924][  0]LogInit:  - bDontReuseConnections = false  - Libcurl will reuse connections
[2015.09.11-15.56.41:924][  0]LogInit:  - CertBundlePath = nullptr  - Libcurl will use whatever was configured at build time.
[2015.09.11-15.56.41:940][  0]LogInit: Presizing for 0 objects not considered by GC, pre-allocating 0 bytes.
[2015.09.11-15.56.41:948][  0]LogInit: Object subsystem initialized
[2015.09.11-15.56.41:949][  0]LogInit: Selected Device Profile: [Windows]
[2015.09.11-15.56.41:949][  0]LogInit: Applying CVar settings loaded from the selected device profile: [Windows]
[2015.09.11-15.56.41:963][  0]LogInit: Computer: BERCI-BOOK
[2015.09.11-15.56.41:963][  0]LogInit: User: silye
[2015.09.11-15.56.41:963][  0]LogInit: CPU Page size=4096, Cores=2
[2015.09.11-15.56.41:963][  0]LogInit: High frequency timer resolution =2.338334 MHz
[2015.09.11-15.56.41:963][  0]LogMemory: Memory total: Physical=7.9GB (8GB approx)
[2015.09.11-15.56.41:963][  0]LogMemory: Platform Memory Stats for Windows
[2015.09.11-15.56.41:963][  0]LogMemory: Process Physical Memory: 53.59 MB used, 53.59 MB peak
[2015.09.11-15.56.41:963][  0]LogMemory: Process Virtual Memory: 55.14 MB used, 55.14 MB peak
[2015.09.11-15.56.41:963][  0]LogMemory: Physical Memory: 3526.88 MB used, 8075.46 MB total
[2015.09.11-15.56.41:963][  0]LogMemory: Virtual Memory: 363.31 MB used, 134217728.00 MB total
[2015.09.11-15.56.42:010][  0]LogTextLocalizationManager: No translations for ('hu-HU') exist, falling back to 'en' for localization and internationalization data.
[2015.09.11-15.56.43:060][  0]LogD3D11RHI: Found D3D11 adapter 0: NVIDIA GeForce GT 740M             (Feature Level 11_0)
[2015.09.11-15.56.43:060][  0]LogD3D11RHI: Adapter has 1996MB of dedicated video memory, 0MB of dedicated system memory, and 4037MB of shared system memory, 2 output[s]
[2015.09.11-15.56.43:067][  0]LogD3D11RHI: Found D3D11 adapter 1: Intel(R) HD Graphics Family (Feature Level 11_0)
[2015.09.11-15.56.43:067][  0]LogD3D11RHI: Adapter has 112MB of dedicated video memory, 0MB of dedicated system memory, and 4037MB of shared system memory, 0 output[s]
[2015.09.11-15.56.43:068][  0]LogD3D11RHI: Found D3D11 adapter 2: Microsoft Basic Render Driver (Feature Level 11_0)
[2015.09.11-15.56.43:068][  0]LogD3D11RHI: Adapter has 0MB of dedicated video memory, 0MB of dedicated system memory, and 4037MB of shared system memory, 0 output[s]
[2015.09.11-15.56.43:068][  0]LogD3D11RHI: Chosen D3D11 Adapter Id = 0
[2015.09.11-15.56.43:073][  0]LogD3D11RHI: !Direct3DDevice
[2015.09.11-15.56.43:073][  0]LogRHI: Texture pool is 1361 MB (70% of 1945 MB)
[2015.09.11-15.56.43:089][  0]LogD3D11RHI: Async texture creation enabled
[2015.09.11-15.56.43:106][  0]LogShaderCompilers: Guid format shader working directory is 15 characters bigger than the processId version (../../../../../../Users/silye/Documents/Unreal Projects/gamejam_2015_09/Intermediate/Shaders/WorkingDirectory/6364/).
[2015.09.11-15.56.43:106][  0]LogShaderCompilers: Cleaned the shader compiler working directory '../../../../../../Users/silye/Documents/Unreal Projects/gamejam_2015_09/Intermediate/Shaders/tmp/863E84FC4203D8E462AC729108D978C2/'.
[2015.09.11-15.56.43:106][  0]LogShaderCompilers:Display: Using Local Shader Compiler.
[2015.09.11-15.56.44:451][  0]LogTemp:Display: Loaded TP AllDesktopTargetPlatform
[2015.09.11-15.56.44:461][  0]LogTemp:Display: Loaded TP WindowsClientTargetPlatform
[2015.09.11-15.56.44:471][  0]LogTemp:Display: Loaded TP WindowsNoEditorTargetPlatform
[2015.09.11-15.56.44:481][  0]LogTemp:Display: Loaded TP WindowsServerTargetPlatform
[2015.09.11-15.56.44:490][  0]LogTemp:Display: Loaded TP WindowsTargetPlatform
[2015.09.11-15.56.44:498][  0]LogTemp:Display: Loaded TP AndroidTargetPlatform
[2015.09.11-15.56.44:505][  0]LogTemp:Display: Loaded TP Android_ASTCTargetPlatform
[2015.09.11-15.56.44:512][  0]LogTemp:Display: Loaded TP Android_ATCTargetPlatform
[2015.09.11-15.56.44:519][  0]LogTemp:Display: Loaded TP Android_DXTTargetPlatform
[2015.09.11-15.56.44:526][  0]LogTemp:Display: Loaded TP Android_ETC1TargetPlatform
[2015.09.11-15.56.44:533][  0]LogTemp:Display: Loaded TP Android_ETC2TargetPlatform
[2015.09.11-15.56.44:541][  0]LogTemp:Display: Loaded TP Android_PVRTCTargetPlatform
[2015.09.11-15.56.44:545][  0]LogTemp:Display: Loaded TP HTML5TargetPlatform
[2015.09.11-15.56.44:574][  0]LogTemp:Display: Loaded TP IOSTargetPlatform
[2015.09.11-15.56.44:581][  0]LogTemp:Display: Loaded TP LinuxNoEditorTargetPlatform
[2015.09.11-15.56.44:588][  0]LogTemp:Display: Loaded TP LinuxServerTargetPlatform
[2015.09.11-15.56.44:595][  0]LogTemp:Display: Loaded TP LinuxTargetPlatform
[2015.09.11-15.56.44:595][  0]LogTargetPlatformManager:Display: Building Assets For Windows
[2015.09.11-15.56.44:759][  0]LogDerivedDataCache:Display: Max Cache Size: 512 MB
[2015.09.11-15.56.44:810][  0]LogDerivedDataCache: Loaded boot cache 0.05s 41MB C:/Users/silye/AppData/Local/UnrealEngine/4.9/DerivedDataCache/Boot.ddc.
[2015.09.11-15.56.44:810][  0]LogDerivedDataCache:Display: Loaded Boot cache: C:/Users/silye/AppData/Local/UnrealEngine/4.9/DerivedDataCache/Boot.ddc
[2015.09.11-15.56.44:810][  0]LogDerivedDataCache: FDerivedDataBackendGraph:  Pak pak cache file ../../../../../../Users/silye/Documents/Unreal Projects/gamejam_2015_09/DerivedDataCache/DDC.ddp not found, will not use a pak cache.
[2015.09.11-15.56.44:810][  0]LogDerivedDataCache: Unable to find inner node Pak for hierarchical cache Hierarchy.
[2015.09.11-15.56.44:810][  0]LogDerivedDataCache: FDerivedDataBackendGraph:  CompressedPak pak cache file ../../../../../../Users/silye/Documents/Unreal Projects/gamejam_2015_09/DerivedDataCache/Compressed.ddp not found, will not use a pak cache.
[2015.09.11-15.56.44:810][  0]LogDerivedDataCache: Unable to find inner node CompressedPak for hierarchical cache Hierarchy.
[2015.09.11-15.56.44:969][  0]LogDerivedDataCache:Display: Pak cache opened for reading ../../../Engine/DerivedDataCache/Compressed.ddp.
[2015.09.11-15.56.44:982][  0]LogDerivedDataCache: Using Local data cache path C:/Users/silye/AppData/Local/UnrealEngine/Common/DerivedDataCache: Writable
[2015.09.11-15.56.45:233][  0]LogInit: Selected Device Profile: [Windows]
[2015.09.11-15.56.45:237][  0]LogContentStreaming: Texture pool size is 0.000000MB
[2015.09.11-15.56.45:443][  0]LogMeshUtilities: No automatic mesh reduction module available
[2015.09.11-15.56.45:443][  0]LogMeshUtilities: No automatic mesh merging module available
[2015.09.11-15.56.45:723][  0]LogInit: WinSock: version 1.1 (2.2), MaxSocks=32767, MaxUdp=65467
[2015.09.11-15.56.47:054][  0]LogWmfMedia: Failed to load mf.dll
[2015.09.11-15.56.47:054][  0]LogWmfMedia: Failed to load required Windows Media Foundation libraries
[2015.09.11-15.56.47:074][  0]LogWindowsMoviePlayer: Could not load mf.dll. Library not found.
[2015.09.11-15.56.47:076][  0]LogWindowsMoviePlayer: Could not load mfplat.dll. Library not found.
[2015.09.11-15.56.47:077][  0]LogWindowsMoviePlayer: Could not load mfplay.dll. Library not found.
[2015.09.11-15.56.47:184][  0]UdpMessaging: Initializing bridge on interface 0.0.0.0:0 to multicast group 230.0.0.1:6666.
[2015.09.11-15.56.47:332][  0]LogAssetRegistry: FAssetRegistry took 0.0113 seconds to start up
[2015.09.11-15.56.47:693][  0]SourceControl: Info Source control is disabled
[2015.09.11-15.56.47:712][  0]SourceControl: Info Source control is disabled
[2015.09.11-15.56.47:731][  0]SourceControl: Info Source control is disabled
[2015.09.11-15.56.47:750][  0]SourceControl: Info Source control is disabled
[2015.09.11-15.56.48:011][  0]LogLinker:Warning: Asset '../../../Engine/Plugins/Runtime/LeapMotionController/Content/LM_PassthroughMaterial.uasset' has been saved with empty engine version. The asset will be loaded but may be incompatible.
[2015.09.11-15.56.48:150][  0]LogObj: 28361 objects as part of root set at end of initial load.
[2015.09.11-15.56.48:150][  0]LogUObjectAllocator: 6038864 out of 0 bytes used by permanent object pool.
[2015.09.11-15.56.48:230][  0]LogEngine: Initializing Engine...
[2015.09.11-15.56.48:247][  0]LogHMD: Can't find Oculus library dev build: is proper Runtime installed? Version: 0.6.0.0
[2015.09.11-15.56.48:248][  0]LogHMD: SteamVR failed to initialize.  Err: 110
[2015.09.11-15.56.48:428][  0]LogAIModule: Creating AISystem for world NewWorld
[2015.09.11-15.56.48:436][  0]LogInit: XAudio2 using 'Speakers (Realtek High Definition Audio)' : 2 channels at 48 kHz using 32 bits per sample (channel mask 0x3)
[2015.09.11-15.56.48:987][  0]LogInit: FAudioDevice initialized.
[2015.09.11-15.56.49:014][  0]LogDerivedDataCache: Saved boot cache 0.03s 41MB C:/Users/silye/AppData/Local/UnrealEngine/4.9/DerivedDataCache/Boot.ddc.
[2015.09.11-15.56.49:018][  0]LogInit: Texture streaming: Enabled
[2015.09.11-15.56.49:038][  0]LogAnalytics: Creating configured Analytics provider AnalyticsET
[2015.09.11-15.56.49:038][  0]LogAnalytics: [UEEditor.Rocket.Release] APIServer = http://et2.epicgames.com/ET2/. AppVersion = 4.9.0-2672455+++depot+UE4-Releases+4.9
[2015.09.11-15.56.49:038][  0]LogAnalytics: [UEEditor.Rocket.Release] SetUserId 25851bc7456adc3982ad709ed451526f|467f42b43b8346ec9b40d56593decbf2|fc111369-136b-4ceb-8bff-9aa0d1767889
[2015.09.11-15.56.49:038][  0]LogAnalytics: [UEEditor.Rocket.Release] AnalyticsET::StartSession
[2015.09.11-15.56.49:114][  0]LogInit: Transaction tracking system initialized
[2015.09.11-15.56.49:208][  0]BlueprintLog: New page: Editor Load
[2015.09.11-15.56.49:454][  0]LocalizationService: Info Localization service is disabled
[2015.09.11-15.56.49:898][  0]LogConsoleResponse:Display: 
[2015.09.11-15.56.50:223][  0]LogCook:Display: Done creating registry. It took  0.00s.
[2015.09.11-15.56.50:306][  0]LogFileCache: Scanning file cache for directory 'C:/Users/silye/Documents/Unreal Projects/gamejam_2015_09/Content/' took 0.01s
[2015.09.11-15.56.50:453][  0]SourceControl: Info Source control is disabled
[2015.09.11-15.56.50:453][  0]Cmd: MAP LOAD FILE="../../../../../../Users/silye/Documents/Unreal Projects/gamejam_2015_09/Content/ThirdPersonBP/Maps/ThirdPersonExampleMap.umap" TEMPLATE=0 SHOWPROGRESS=1 FEATURELEVEL=3
[2015.09.11-15.56.50:454][  0]LightingResults: New page: Lighting Build
[2015.09.11-15.56.50:460][  0]MapCheck: New page: Map Check
[2015.09.11-15.56.50:460][  0]LightingResults: New page: Lighting Build
[2015.09.11-15.56.50:490][  0]LogParticles: Destroying 0 GPU particle simulations for FXSystem 0x00000054F4B41DA0
[2015.09.11-15.56.50:498][  0]LogLinker:Warning: Asset '../../../../../../Users/silye/Documents/Unreal Projects/gamejam_2015_09/Content/ThirdPersonBP/Blueprints/ThirdPersonCharacter.uasset' has been saved with empty engine version. The asset will be loaded but may be incompatible.
[2015.09.11-15.56.50:500][  0]LogLinker:Warning: Asset '../../../../../../Users/silye/Documents/Unreal Projects/gamejam_2015_09/Content/Mannequin/Animations/ThirdPerson_AnimBP.uasset' has been saved with empty engine version. The asset will be loaded but may be incompatible.
[2015.09.11-15.56.50:502][  0]LogLinker:Warning: Asset '../../../../../../Users/silye/Documents/Unreal Projects/gamejam_2015_09/Content/Mannequin/Animations/ThirdPerson_Jump.uasset' has been saved with empty engine version. The asset will be loaded but may be incompatible.
[2015.09.11-15.56.50:505][  0]LogLinker:Warning: Asset '../../../../../../Users/silye/Documents/Unreal Projects/gamejam_2015_09/Content/Mannequin/Animations/ThirdPersonJump_Loop.uasset' has been saved with empty engine version. The asset will be loaded but may be incompatible.
[2015.09.11-15.56.50:507][  0]LogLinker:Warning: Asset '../../../../../../Users/silye/Documents/Unreal Projects/gamejam_2015_09/Content/Mannequin/Animations/ThirdPersonJump_Start.uasset' has been saved with empty engine version. The asset will be loaded but may be incompatible.
[2015.09.11-15.56.50:509][  0]LogLinker:Warning: Asset '../../../../../../Users/silye/Documents/Unreal Projects/gamejam_2015_09/Content/Mannequin/Animations/ThirdPerson_IdleRun_2D.uasset' has been saved with empty engine version. The asset will be loaded but may be incompatible.
[2015.09.11-15.56.50:510][  0]LogLinker:Warning: Asset '../../../../../../Users/silye/Documents/Unreal Projects/gamejam_2015_09/Content/Mannequin/Animations/ThirdPersonIdle.uasset' has been saved with empty engine version. The asset will be loaded but may be incompatible.
[2015.09.11-15.56.50:512][  0]LogLinker:Warning: Asset '../../../../../../Users/silye/Documents/Unreal Projects/gamejam_2015_09/Content/Mannequin/Animations/ThirdPersonRun.uasset' has been saved with empty engine version. The asset will be loaded but may be incompatible.
[2015.09.11-15.56.50:516][  0]LogLinker:Warning: Asset '../../../../../../Users/silye/Documents/Unreal Projects/gamejam_2015_09/Content/Mannequin/Animations/ThirdPersonWalk.uasset' has been saved with empty engine version. The asset will be loaded but may be incompatible.
[2015.09.11-15.56.51:538][  0]LogAIModule: Creating AISystem for world ThirdPersonExampleMap
[2015.09.11-15.56.51:550][  0]LogEditorServer: Finished looking for orphan Actors (0.000 secs)
[2015.09.11-15.56.51:551][  0]Cmd: MAP CHECKDEP NOCLEARLOG
[2015.09.11-15.56.51:655][  0]MapCheck: Info Map check complete: 0 Error(s), 0 Warning(s), took 104.143ms to complete.
[2015.09.11-15.56.51:655][  0]LogFileHelpers: Loading map 'ThirdPersonExampleMap' took 1.201
[2015.09.11-15.56.51:814][  0]LogCollectionManager: Loaded 0 collections in 0.004922 seconds
[2015.09.11-15.56.51:863][  0]LogFileCache: Scanning file cache for directory 'C:/Users/silye/Documents/Unreal Projects/gamejam_2015_09/Saved/Collections/' took 0.01s
[2015.09.11-15.56.51:863][  0]LogFileCache: Scanning file cache for directory 'C:/Users/silye/Documents/Unreal Projects/gamejam_2015_09/Content/Developers/silye/Collections/' took 0.01s
[2015.09.11-15.56.51:863][  0]LogFileCache: Scanning file cache for directory 'C:/Users/silye/Documents/Unreal Projects/gamejam_2015_09/Content/Collections/' took 0.01s
[2015.09.11-15.56.51:864][  0]LogContentBrowser: Native class hierarchy populated in 0.0109 seconds. Added 1867 classes and 333 folders.
[2015.09.11-15.56.51:874][  0]LogCollectionManager: Rebuilt the GUID cache for 0 collections in 0.000003 seconds
[2015.09.11-15.56.51:886][  0]LogContentBrowser: Native class hierarchy updated for 'WidgetCarousel' in 0.0005 seconds. Added 0 classes and 0 folders.
[2015.09.11-15.56.51:970][  0]LogContentBrowser: Native class hierarchy updated for 'AddContentDialog' in 0.0005 seconds. Added 0 classes and 0 folders.
[2015.09.11-15.56.51:980][  0]LogContentBrowser: Native class hierarchy updated for 'SceneOutliner' in 0.0006 seconds. Added 1 classes and 2 folders.
[2015.09.11-15.56.52:042][  0]LogCrashTracker: Crashtracker disabled due to settings.
[2015.09.11-15.56.52:048][  0]LogUObjectGlobals:Warning: Failed to find object 'Class None.'
[2015.09.11-15.56.52:075][  0]LogLoad: Full Startup: 10.79 seconds (BP compile: 0.20 seconds)
[2015.09.11-15.56.52:492][  0]LogContentStreaming: Texture pool size now 200 MB
[2015.09.11-15.56.52:693][  0]LogRenderer: Reallocating scene render targets to support 1364x520 (Frame:2).
[2015.09.11-15.56.54:128][  5]LogAssetRegistry: Asset discovery search completed in 6.8067 seconds
[2015.09.11-15.56.54:128][  5]LogCollectionManager: Rebuilt the object cache for 0 collections in 0.000001 seconds (found 0 objects)
[2015.09.11-15.56.54:128][  5]LogCollectionManager: Fixed up redirectors for 0 collections in 0.000023 seconds (updated 0 objects)
[2015.09.11-15.57.11:595][167]LogPlayLevel: PlayLevel: No blueprints needed recompiling
[2015.09.11-15.57.11:635][167]PIE: New page: PIE session: ThirdPersonExampleMap (Sep 11, 2015, 7:57:11 PM)
[2015.09.11-15.57.11:635][167]LogPlayLevel: Creating play world package: /Game/ThirdPersonBP/Maps/UEDPIE_0_ThirdPersonExampleMap
[2015.09.11-15.57.11:664][167]LogPlayLevel: PIE: StaticDuplicateObject took: (0.028933s)
[2015.09.11-15.57.11:670][167]LogAIModule: Creating AISystem for world ThirdPersonExampleMap
[2015.09.11-15.57.11:671][167]LogPlayLevel: PIE: World Init took: (0.006023s)
[2015.09.11-15.57.11:671][167]LogPlayLevel: PIE: Created PIE world by copying editor world from /Game/ThirdPersonBP/Maps/ThirdPersonExampleMap.ThirdPersonExampleMap to /Game/ThirdPersonBP/Maps/UEDPIE_0_ThirdPersonExampleMap.ThirdPersonExampleMap (0.035838s)
[2015.09.11-15.57.11:762][167]LogInit: XAudio2 using 'Speakers (Realtek High Definition Audio)' : 2 channels at 48 kHz using 32 bits per sample (channel mask 0x3)
[2015.09.11-15.57.11:770][167]LogInit: FAudioDevice initialized.
[2015.09.11-15.57.11:915][167]LogWorld: Game class is 'ThirdPersonGameMode_C'
[2015.09.11-15.57.11:922][167]LogWorld: Bringing World /Game/ThirdPersonBP/Maps/UEDPIE_0_ThirdPersonExampleMap.ThirdPersonExampleMap up for play (max tick rate 60) at 2015.09.11-17.57.11
[2015.09.11-15.57.11:922][167]LogActor:Warning: GameSession /Game/ThirdPersonBP/Maps/UEDPIE_0_ThirdPersonExampleMap.ThirdPersonExampleMap:PersistentLevel.GameSession_0 has natively added scene component(s), but none of them were set as the actor's RootComponent - picking one arbitrarily
[2015.09.11-15.57.11:922][167]LogActor:Warning: GameNetworkManager /Game/ThirdPersonBP/Maps/UEDPIE_0_ThirdPersonExampleMap.ThirdPersonExampleMap:PersistentLevel.GameNetworkManager_0 has natively added scene component(s), but none of them were set as the actor's RootComponent - picking one arbitrarily
[2015.09.11-15.57.11:923][167]LogWorld: Bringing up level for play took: 0.006817
[2015.09.11-15.57.11:942][167]PIE: Info Play in editor start time for /Game/ThirdPersonBP/Maps/UEDPIE_0_ThirdPersonExampleMap 1.071
[2015.09.11-15.57.23:151][808]LogParticles: Destroying 0 GPU particle simulations for FXSystem 0x0000005482693BA0
[2015.09.11-15.57.29:919][104]LogLinker:Warning: Asset '../../../Engine/Content/ArtTools/RenderToTexture/Macros/RenderToTextureMacros.uasset' has been saved with empty engine version. The asset will be loaded but may be incompatible.
[2015.09.11-15.57.30:967][104]LogContentBrowser: Native class hierarchy updated for 'BlueprintGraph' in 0.0154 seconds. Added 107 classes and 0 folders.
[2015.09.11-15.58.27:278][997]BlueprintLog: New page: Compile ThirdPersonExampleMap
[2015.09.11-15.58.27:387][99